Determining if the pthread_create exist failed with the following output:
Change Dir: /opt/svyazcom/cdr_sca/build/CMakeFiles/CMakeTmp

Run Build Command:"/usr/bin/make" "cmTC_676f5/fast"
/usr/bin/make -f CMakeFiles/cmTC_676f5.dir/build.make CMakeFiles/cmTC_676f5.dir/build
make[1]: Entering directory '/opt/svyazcom/cdr_sca/build/CMakeFiles/CMakeTmp'
Building CXX object CMakeFiles/cmTC_676f5.dir/CheckSymbolExists.cxx.o
/usr/bin/g++    -lrt    -o CMakeFiles/cmTC_676f5.dir/CheckSymbolExists.cxx.o -c /opt/svyazcom/cdr_sca/build/CMakeFiles/CMakeTmp/CheckSymbolExists.cxx
Linking CXX executable cmTC_676f5
/home/maxim/Downloads/cmake-3.12.0/bin/cmake -E cmake_link_script CMakeFiles/cmTC_676f5.dir/link.txt --verbose=1
/usr/bin/g++  -lrt     -rdynamic CMakeFiles/cmTC_676f5.dir/CheckSymbolExists.cxx.o  -o cmTC_676f5 
CMakeFiles/cmTC_676f5.dir/CheckSymbolExists.cxx.o: In function `main':
CheckSymbolExists.cxx:(.text+0x1b): undefined reference to `pthread_create'
collect2: error: ld returned 1 exit status
CMakeFiles/cmTC_676f5.dir/build.make:86: recipe for target 'cmTC_676f5' failed
make[1]: *** [cmTC_676f5] Error 1
make[1]: Leaving directory '/opt/svyazcom/cdr_sca/build/CMakeFiles/CMakeTmp'
Makefile:121: recipe for target 'cmTC_676f5/fast' failed
make: *** [cmTC_676f5/fast] Error 2

File /opt/svyazcom/cdr_sca/build/CMakeFiles/CMakeTmp/CheckSymbolExists.cxx:
/* */
#include <pthread.h>

int main(int argc, char** argv)
{
  (void)argv;
#ifndef pthread_create
  return ((int*)(&pthread_create))[argc];
#else
  (void)argc;
  return 0;
#endif
}

Determining if the function pthread_create exists in the pthreads failed with the following output:
Change Dir: /opt/svyazcom/cdr_sca/build/CMakeFiles/CMakeTmp

Run Build Command:"/usr/bin/make" "cmTC_a8c56/fast"
/usr/bin/make -f CMakeFiles/cmTC_a8c56.dir/build.make CMakeFiles/cmTC_a8c56.dir/build
make[1]: Entering directory '/opt/svyazcom/cdr_sca/build/CMakeFiles/CMakeTmp'
Building CXX object CMakeFiles/cmTC_a8c56.dir/CheckFunctionExists.cxx.o
/usr/bin/g++    -lrt -DCHECK_FUNCTION_EXISTS=pthread_create   -o CMakeFiles/cmTC_a8c56.dir/CheckFunctionExists.cxx.o -c /opt/svyazcom/cdr_sca/build/CMakeFiles/CheckLibraryExists/CheckFunctionExists.cxx
Linking CXX executable cmTC_a8c56
/home/maxim/Downloads/cmake-3.12.0/bin/cmake -E cmake_link_script CMakeFiles/cmTC_a8c56.dir/link.txt --verbose=1
/usr/bin/g++  -lrt -DCHECK_FUNCTION_EXISTS=pthread_create    -rdynamic CMakeFiles/cmTC_a8c56.dir/CheckFunctionExists.cxx.o  -o cmTC_a8c56 -lpthreads 
/usr/bin/x86_64-linux-gnu-ld: cannot find -lpthreads
collect2: error: ld returned 1 exit status
CMakeFiles/cmTC_a8c56.dir/build.make:86: recipe for target 'cmTC_a8c56' failed
make[1]: *** [cmTC_a8c56] Error 1
make[1]: Leaving directory '/opt/svyazcom/cdr_sca/build/CMakeFiles/CMakeTmp'
Makefile:121: recipe for target 'cmTC_a8c56/fast' failed
make: *** [cmTC_a8c56/fast] Error 2


